<!DOCTYPE html PUBLIC "-//W3C//DTD XHTML 1.1//EN" "http://www.w3.org/TR/xhtml11/DTD/xhtml11.dtd">
<html xmlns="http://www.w3.org/1999/xhtml">
<head>
<meta http-equiv="content-type" content="text/html; charset=UTF-8"/>
<title>TestNG Report</title>
<style type="text/css">table {margin-bottom:10px;border-collapse:collapse;empty-cells:show}th,td {border:1px solid #009;padding:.25em .5em}th {vertical-align:bottom}td {vertical-align:top}table a {font-weight:bold}.stripe td {background-color: #E6EBF9}.num {text-align:right}.passedodd td {background-color: #3F3}.passedeven td {background-color: #0A0}.skippedodd td {background-color: #DDD}.skippedeven td {background-color: #CCC}.failedodd td,.attn {background-color: #F33}.failedeven td,.stripe .attn {background-color: #D00}.stacktrace {white-space:pre;font-family:monospace}.totop {font-size:85%;text-align:center;border-bottom:2px solid #000}.invisible {display:none}</style>
</head>
<body>
<table>
<tr><th>Test</th><th># Passed</th><th># Skipped</th><th># Failed</th><th>Time (ms)</th><th>Included Groups</th><th>Excluded Groups</th></tr>
<tr><th colspan="7">Suite</th></tr>
<tr><td><a href="#t0">chrometest</a></td><td class="num">0</td><td class="num attn">2</td><td class="num attn">1</td><td class="num">19,448</td><td></td><td></td></tr>
<tr class="stripe"><td><a href="#t1">fftest</a></td><td class="num">0</td><td class="num attn">2</td><td class="num attn">1</td><td class="num">12,263</td><td></td><td></td></tr>
<tr><td><a href="#t2">emailsend</a></td><td class="num">0</td><td class="num">0</td><td class="num">0</td><td class="num">1</td><td></td><td></td></tr>
<tr><th>Total</th><th class="num">0</th><th class="num attn">4</th><th class="num attn">2</th><th class="num">31,712</th><th colspan="2"></th></tr>
</table>
<table id='summary'><thead><tr><th>Class</th><th>Method</th><th>Start</th><th>Time (ms)</th></tr></thead><tbody><tr><th colspan="4">Suite</th></tr></tbody><tbody id="t0"><tr><th colspan="4">chrometest &#8212; failed</th></tr><tr class="failedeven"><td rowspan="1">nb.NerdboxJobSubmit</td><td><a href="#m0">SubmitQuestions</a></td><td rowspan="1">1576751446194</td><td rowspan="1">13991</td></tr><tr><th colspan="4">chrometest &#8212; skipped</th></tr><tr class="skippedeven"><td rowspan="2">nb.NerdboxJobSubmit</td><td><a href="#m1">AcceptQuote</a></td><td rowspan="1">1576751460203</td><td rowspan="1">0</td></tr><tr class="skippedeven"><td><a href="#m2">AddQuote</a></td><td rowspan="1">1576751460200</td><td rowspan="1">0</td></tr></tbody>
<tbody id="t1"><tr><th colspan="4">fftest &#8212; failed</th></tr><tr class="failedeven"><td rowspan="1">nb.NerdboxJobSubmit</td><td><a href="#m3">SubmitQuestions</a></td><td rowspan="1">1576751466739</td><td rowspan="1">5881</td></tr><tr><th colspan="4">fftest &#8212; skipped</th></tr><tr class="skippedeven"><td rowspan="2">nb.NerdboxJobSubmit</td><td><a href="#m4">AcceptQuote</a></td><td rowspan="1">1576751472625</td><td rowspan="1">0</td></tr><tr class="skippedeven"><td><a href="#m5">AddQuote</a></td><td rowspan="1">1576751472623</td><td rowspan="1">0</td></tr></tbody>
<tbody id="t2"><tr><th colspan="4" class="invisible"/></tr></tbody>
</table>
<h2>chrometest</h2><h3 id="m0">nb.NerdboxJobSubmit#SubmitQuestions</h3><table class="result"><tr><th>Exception</th></tr><tr><td><div class="stacktrace">org.openqa.selenium.NoSuchElementException: no such element: Unable to locate element: {&quot;method&quot;:&quot;xpath&quot;,&quot;selector&quot;:&quot;/html/body/div/div/div[3]/div/div/div[1]/div/div/div[2]/divq&quot;}
  (Session info: chrome=78.0.3904.87)
For documentation on this error, please visit: http://seleniumhq.org/exceptions/no_such_element.html
Build info: version: &apos;3.9.1&apos;, revision: &apos;63f7b50&apos;, time: &apos;2018-02-07T22:42:28.403Z&apos;
System info: host: &apos;165-DELL-AHMEDB&apos;, ip: &apos;192.168.3.106&apos;, os.name: &apos;Windows 10&apos;, os.arch: &apos;amd64&apos;, os.version: &apos;10.0&apos;, java.version: &apos;1.8.0_73&apos;
Driver info: org.openqa.selenium.chrome.ChromeDriver
Capabilities {acceptInsecureCerts: false, browserName: chrome, browserVersion: 78.0.3904.87, chrome: {chromedriverVersion: 78.0.3904.105 (60e2d8774a81..., userDataDir: C:\Users\AHMEDB~1\AppData\L...}, goog:chromeOptions: {debuggerAddress: localhost:65475}, javascriptEnabled: true, networkConnectionEnabled: false, pageLoadStrategy: normal, platform: XP, platformName: XP, proxy: Proxy(), setWindowRect: true, strictFileInteractability: false, timeouts: {implicit: 0, pageLoad: 300000, script: 30000}, unhandledPromptBehavior: dismiss and notify}
Session ID: f567a4b6e14942a29d286e450a4528f5
*** Element info: {Using=xpath, value=/html/body/div/div/div[3]/div/div/div[1]/div/div/div[2]/divq}
	at org.openqa.selenium.remote.http.W3CHttpResponseCodec.createException(W3CHttpResponseCodec.java:187)
	at org.openqa.selenium.remote.http.W3CHttpResponseCodec.decode(W3CHttpResponseCodec.java:122)
	at org.openqa.selenium.remote.http.W3CHttpResponseCodec.decode(W3CHttpResponseCodec.java:49)
	at org.openqa.selenium.remote.HttpCommandExecutor.execute(HttpCommandExecutor.java:160)
	at org.openqa.selenium.remote.service.DriverCommandExecutor.execute(DriverCommandExecutor.java:83)
	at org.openqa.selenium.remote.RemoteWebDriver.execute(RemoteWebDriver.java:601)
	at org.openqa.selenium.remote.RemoteWebDriver.findElement(RemoteWebDriver.java:371)
	at org.openqa.selenium.remote.RemoteWebDriver.findElementByXPath(RemoteWebDriver.java:473)
	at org.openqa.selenium.By$ByXPath.findElement(By.java:361)
	at org.openqa.selenium.remote.RemoteWebDriver.findElement(RemoteWebDriver.java:363)
	at nb.NerdboxJobSubmit.SubmitQuestions(NerdboxJobSubmit.java:64)
... Removed 29 stack frames</div></td></tr></table><p class="totop"><a href="#summary">back to summary</a></p>
<h3 id="m1">nb.NerdboxJobSubmit#AcceptQuote</h3><table class="result"><tr><th>Exception</th></tr><tr><td><div class="stacktrace">java.lang.Throwable: Method NerdboxJobSubmit.AcceptQuote()[pri:3, instance:nb.NerdboxJobSubmit@462d5aee] depends on not successfully finished methods
... Removed 18 stack frames</div></td></tr></table><p class="totop"><a href="#summary">back to summary</a></p>
<h3 id="m2">nb.NerdboxJobSubmit#AddQuote</h3><table class="result"><tr><th>Exception</th></tr><tr><td><div class="stacktrace">java.lang.Throwable: Method NerdboxJobSubmit.AddQuote()[pri:2, instance:nb.NerdboxJobSubmit@462d5aee] depends on not successfully finished methods
... Removed 18 stack frames</div></td></tr></table><p class="totop"><a href="#summary">back to summary</a></p>
<h2>fftest</h2><h3 id="m3">nb.NerdboxJobSubmit#SubmitQuestions</h3><table class="result"><tr><th>Exception</th></tr><tr><td><div class="stacktrace">org.openqa.selenium.NoSuchElementException: Unable to locate element: /html/body/div/div/div[3]/div/div/div[1]/div/div/div[2]/divq
For documentation on this error, please visit: http://seleniumhq.org/exceptions/no_such_element.html
Build info: version: &apos;3.9.1&apos;, revision: &apos;63f7b50&apos;, time: &apos;2018-02-07T22:42:28.403Z&apos;
System info: host: &apos;165-DELL-AHMEDB&apos;, ip: &apos;192.168.3.106&apos;, os.name: &apos;Windows 10&apos;, os.arch: &apos;amd64&apos;, os.version: &apos;10.0&apos;, java.version: &apos;1.8.0_73&apos;
Driver info: org.openqa.selenium.firefox.FirefoxDriver
Capabilities {acceptInsecureCerts: true, browserName: firefox, browserVersion: 70.0.1, javascriptEnabled: true, moz:accessibilityChecks: false, moz:buildID: 20191030021342, moz:geckodriverVersion: 0.26.0, moz:headless: false, moz:processID: 20896, moz:profile: C:\Users\Ahmed Bilal\AppDat..., moz:shutdownTimeout: 60000, moz:useNonSpecCompliantPointerOrigin: false, moz:webdriverClick: true, pageLoadStrategy: normal, platform: WINDOWS, platformName: WINDOWS, platformVersion: 10.0, rotatable: false, setWindowRect: true, strictFileInteractability: false, timeouts: {implicit: 0, pageLoad: 300000, script: 30000}, unhandledPromptBehavior: dismiss and notify}
Session ID: 64bcf936-dceb-45c1-b3e9-14a9bc18dde2
*** Element info: {Using=xpath, value=/html/body/div/div/div[3]/div/div/div[1]/div/div/div[2]/divq}
	at org.openqa.selenium.remote.http.W3CHttpResponseCodec.createException(W3CHttpResponseCodec.java:187)
	at org.openqa.selenium.remote.http.W3CHttpResponseCodec.decode(W3CHttpResponseCodec.java:122)
	at org.openqa.selenium.remote.http.W3CHttpResponseCodec.decode(W3CHttpResponseCodec.java:49)
	at org.openqa.selenium.remote.HttpCommandExecutor.execute(HttpCommandExecutor.java:160)
	at org.openqa.selenium.remote.service.DriverCommandExecutor.execute(DriverCommandExecutor.java:83)
	at org.openqa.selenium.remote.RemoteWebDriver.execute(RemoteWebDriver.java:601)
	at org.openqa.selenium.remote.RemoteWebDriver.findElement(RemoteWebDriver.java:371)
	at org.openqa.selenium.remote.RemoteWebDriver.findElementByXPath(RemoteWebDriver.java:473)
	at org.openqa.selenium.By$ByXPath.findElement(By.java:361)
	at org.openqa.selenium.remote.RemoteWebDriver.findElement(RemoteWebDriver.java:363)
	at nb.NerdboxJobSubmit.SubmitQuestions(NerdboxJobSubmit.java:64)
... Removed 29 stack frames</div></td></tr></table><p class="totop"><a href="#summary">back to summary</a></p>
<h3 id="m4">nb.NerdboxJobSubmit#AcceptQuote</h3><table class="result"><tr><th>Exception</th></tr><tr><td><div class="stacktrace">java.lang.Throwable: Method NerdboxJobSubmit.AcceptQuote()[pri:3, instance:nb.NerdboxJobSubmit@2de8284b] depends on not successfully finished methods
... Removed 18 stack frames</div></td></tr></table><p class="totop"><a href="#summary">back to summary</a></p>
<h3 id="m5">nb.NerdboxJobSubmit#AddQuote</h3><table class="result"><tr><th>Exception</th></tr><tr><td><div class="stacktrace">java.lang.Throwable: Method NerdboxJobSubmit.AddQuote()[pri:2, instance:nb.NerdboxJobSubmit@2de8284b] depends on not successfully finished methods
... Removed 18 stack frames</div></td></tr></table><p class="totop"><a href="#summary">back to summary</a></p>
<h2>emailsend</h2></body>
</html>
